Using pre-set license
Built from '2021.2/staging' branch; Version is '2021.2.7f1 (6bd9e232123f) revision 7068130'; Using compiler version '192829333'; Build Type 'Release'
OS: 'Windows 10  (10.0.19041) 64bit Core' Language: 'ru' Physical Memory: 8042 MB
BatchMode: 1, IsHumanControllingUs: 0, StartBugReporterOnCrash: 0, Is64bit: 1, IsPro: 0

COMMAND LINE ARGUMENTS:
C:\Unity\2021.2.7f1\Editor\Unity.exe
-adb2
-batchMode
-noUpm
-name
AssetImportWorker4
-projectPath
D:/Projects/Unity/Bullethell
-logFile
Logs/AssetImportWorker4.log
-srvPort
61233
Successfully changed project path to: D:/Projects/Unity/Bullethell
D:/Projects/Unity/Bullethell
[UnityMemory] Configuration Parameters - Can be set up in boot.config
    "memorysetup-bucket-allocator-granularity=16"
    "memorysetup-bucket-allocator-bucket-count=8"
    "memorysetup-bucket-allocator-block-size=33554432"
    "memorysetup-bucket-allocator-block-count=8"
    "memorysetup-main-allocator-block-size=16777216"
    "memorysetup-thread-allocator-block-size=16777216"
    "memorysetup-gfx-main-allocator-block-size=16777216"
    "memorysetup-gfx-thread-allocator-block-size=16777216"
    "memorysetup-cache-allocator-block-size=4194304"
    "memorysetup-typetree-allocator-block-size=2097152"
    "memorysetup-profiler-bucket-allocator-granularity=16"
    "memorysetup-profiler-bucket-allocator-bucket-count=8"
    "memorysetup-profiler-bucket-allocator-block-size=33554432"
    "memorysetup-profiler-bucket-allocator-block-count=8"
    "memorysetup-profiler-allocator-block-size=16777216"
    "memorysetup-profiler-editor-allocator-block-size=1048576"
    "memorysetup-temp-allocator-size-main=16777216"
    "memorysetup-job-temp-allocator-block-size=2097152"
    "memorysetup-job-temp-allocator-block-size-background=1048576"
    "memorysetup-job-temp-allocator-reduction-small-platforms=262144"
    "memorysetup-temp-allocator-size-background-worker=32768"
    "memorysetup-temp-allocator-size-job-worker=262144"
    "memorysetup-temp-allocator-size-preload-manager=33554432"
    "memorysetup-temp-allocator-size-nav-mesh-worker=65536"
    "memorysetup-temp-allocator-size-audio-worker=65536"
    "memorysetup-temp-allocator-size-cloud-worker=32768"
    "memorysetup-temp-allocator-size-gi-baking-worker=262144"
    "memorysetup-temp-allocator-size-gfx=262144"
Refreshing native plugins compatible for Editor in 142.03 ms, found 4 plugins.
Preloading 0 native plugins for Editor in 0.00 ms.
Initialize engine version: 2021.2.7f1 (6bd9e232123f)
[Subsystems] Discovering subsystems at path C:/Unity/2021.2.7f1/Editor/Data/Resources/UnitySubsystems
[Subsystems] Discovering subsystems at path D:/Projects/Unity/Bullethell/Assets
GfxDevice: creating device client; threaded=0; jobified=0
Direct3D:
    Version:  Direct3D 11.0 [level 11.1]
    Renderer: NVIDIA GeForce MX150 (ID=0x1d10)
    Vendor:   NVIDIA
    VRAM:     1983 MB
    Driver:   26.21.14.4187
Initialize mono
Mono path[0] = 'C:/Unity/2021.2.7f1/Editor/Data/Managed'
Mono path[1] = 'C:/Unity/2021.2.7f1/Editor/Data/MonoBleedingEdge/lib/mono/unityjit-win32'
Mono config path = 'C:/Unity/2021.2.7f1/Editor/Data/MonoBleedingEdge/etc'
Using monoOptions --debugger-agent=transport=dt_socket,embedding=1,server=y,suspend=n,address=127.0.0.1:56908
Begin MonoManager ReloadAssembly
Registering precompiled unity dll's ...
Register platform support module: C:/Unity/2021.2.7f1/Editor/Data/PlaybackEngines/WindowsStandaloneSupport/UnityEditor.WindowsStandalone.Extensions.dll
Registered in 0.008105 seconds.
Native extension for WindowsStandalone target not found
Refreshing native plugins compatible for Editor in 162.09 ms, found 4 plugins.
Preloading 0 native plugins for Editor in 0.00 ms.
Mono: successfully reloaded assembly
- Completed reload, in  1.075 seconds
Domain Reload Profiling:
	ReloadAssembly (1076ms)
		BeginReloadAssembly (139ms)
			ExecutionOrderSort (0ms)
			DisableScriptedObjects (0ms)
			BackupInstance (0ms)
			ReleaseScriptingObjects (0ms)
			CreateAndSetChildDomain (1ms)
		EndReloadAssembly (792ms)
			LoadAssemblies (135ms)
			RebuildTransferFunctionScriptingTraits (0ms)
			SetupTypeCache (170ms)
			ReleaseScriptCaches (0ms)
			RebuildScriptCaches (45ms)
			SetupLoadedEditorAssemblies (492ms)
				LogAssemblyErrors (0ms)
				InitializePlatformSupportModulesInManaged (29ms)
				SetLoadedEditorAssemblies (0ms)
				RefreshPlugins (162ms)
				BeforeProcessingInitializeOnLoad (2ms)
				ProcessInitializeOnLoadAttributes (221ms)
				ProcessInitializeOnLoadMethodAttributes (78ms)
				AfterProcessingInitializeOnLoad (0ms)
				EditorAssembliesLoaded (0ms)
			ExecutionOrderSort2 (0ms)
			AwakeInstancesAfterBackupRestoration (0ms)
Platform modules already initialized, skipping
Registering precompiled user dll's ...
Registered in 0.007774 seconds.
Begin MonoManager ReloadAssembly
Symbol file LoadedFromMemory doesn't match image D:\Projects\Unity\Bullethell\Library\PackageCache\com.unity.visualscripting@1.7.6\Editor\VisualScripting.Core\Dependencies\YamlDotNet\Unity.VisualScripting.YamlDotNet.dll
Symbol file LoadedFromMemory doesn't match image D:\Projects\Unity\Bullethell\Library\PackageCache\com.unity.visualscripting@1.7.6\Editor\VisualScripting.Core\Dependencies\DotNetZip\Unity.VisualScripting.IonicZip.dll
Native extension for WindowsStandalone target not found
Refreshing native plugins compatible for Editor in 137.28 ms, found 4 plugins.
Preloading 0 native plugins for Editor in 0.00 ms.
Mono: successfully reloaded assembly
- Completed reload, in  3.158 seconds
Domain Reload Profiling:
	ReloadAssembly (3159ms)
		BeginReloadAssembly (152ms)
			ExecutionOrderSort (0ms)
			DisableScriptedObjects (7ms)
			BackupInstance (0ms)
			ReleaseScriptingObjects (0ms)
			CreateAndSetChildDomain (24ms)
		EndReloadAssembly (2869ms)
			LoadAssemblies (120ms)
			RebuildTransferFunctionScriptingTraits (0ms)
			SetupTypeCache (407ms)
			ReleaseScriptCaches (1ms)
			RebuildScriptCaches (78ms)
			SetupLoadedEditorAssemblies (2221ms)
				LogAssemblyErrors (0ms)
				InitializePlatformSupportModulesInManaged (14ms)
				SetLoadedEditorAssemblies (0ms)
				RefreshPlugins (137ms)
				BeforeProcessingInitializeOnLoad (143ms)
				ProcessInitializeOnLoadAttributes (1868ms)
				ProcessInitializeOnLoadMethodAttributes (48ms)
				AfterProcessingInitializeOnLoad (10ms)
				EditorAssembliesLoaded (0ms)
			ExecutionOrderSort2 (0ms)
			AwakeInstancesAfterBackupRestoration (10ms)
Platform modules already initialized, skipping
========================================================================
Worker process is ready to serve import requests
Launched and connected shader compiler UnityShaderCompiler.exe after 0.12 seconds
Refreshing native plugins compatible for Editor in 1.12 ms, found 4 plugins.
Preloading 0 native plugins for Editor in 0.00 ms.
Unloading 4254 Unused Serialized files (Serialized files now loaded: 0)
Unloading 46 unused Assets / (91.9 KB). Loaded Objects now: 4705.
Memory consumption went from 160.0 MB to 159.9 MB.
Total: 5.467900 ms (FindLiveObjects: 0.398000 ms CreateObjectMapping: 0.419900 ms MarkObjects: 4.420700 ms  DeleteObjects: 0.227900 ms)

AssetImportParameters requested are different than current active one (requested -> active):
  custom:video-decoder-ogg-theora: a1e56fd34408186e4bbccfd4996cb3dc -> 
  custom:container-muxer-webm: aa71ff27fc2769a1b78a27578f13a17b -> 
  custom:container-demuxer-webm: 4f35f7cbe854078d1ac9338744f61a02 -> 
  custom:video-encoder-webm-vp8: eb34c28f22e8b96e1ab97ce403110664 -> 
  custom:audio-encoder-webm-vorbis: bf7c407c2cedff20999df2af8eb42d56 -> 
  custom:framework-win-MediaFoundation: 216162199b28c13a410421893ffa2e32 -> 
  custom:container-demuxer-ogg: 62fdf1f143b41e24485cea50d1cbac27 -> 
  custom:video-decoder-webm-vp8: 9c59270c3fd7afecdb556c50c9e8de78 -> 
  custom:audio-decoder-ogg-vorbis: bf7c407c2cedff20999df2af8eb42d56 -> 
========================================================================
Received Import Request.
  Time since last request: 1214584.730929 seconds.
  path: Assets/Scripts/Game/Timer.cs
  artifactKey: Guid(e9921eedbbd21b3438a5eefe50f620db) Importer(815301076,1909f56bfc062723c751e8b465ee728b)
Start importing Assets/Scripts/Game/Timer.cs using Guid(e9921eedbbd21b3438a5eefe50f620db) Importer(815301076,1909f56bfc062723c751e8b465ee728b)  -> (artifact id: 'f35622365de8651ee4237b5f8ca9d900') in 0.101403 seconds 
========================================================================
Received Import Request.
  Time since last request: 40.737831 seconds.
  path: Assets/Scripts/Game/Game.cs
  artifactKey: Guid(06b2126825d910f4fbe66f134a85e2c2) Importer(815301076,1909f56bfc062723c751e8b465ee728b)
Start importing Assets/Scripts/Game/Game.cs using Guid(06b2126825d910f4fbe66f134a85e2c2) Importer(815301076,1909f56bfc062723c751e8b465ee728b)  -> (artifact id: 'b1a2268030c1cf0c147c337253679311') in 0.006581 seconds 
========================================================================
Received Import Request.
  Time since last request: 19.960582 seconds.
  path: Assets/Scripts/Game/Timer.cs
  artifactKey: Guid(e9921eedbbd21b3438a5eefe50f620db) Importer(815301076,1909f56bfc062723c751e8b465ee728b)
Start importing Assets/Scripts/Game/Timer.cs using Guid(e9921eedbbd21b3438a5eefe50f620db) Importer(815301076,1909f56bfc062723c751e8b465ee728b)  -> (artifact id: 'd07d6b6813b189061a88fbbc953e7cff') in 0.002446 seconds 
========================================================================
Received Import Request.
  Time since last request: 5.944321 seconds.
  path: Assets/Scripts/Game/Save&LoadSystem/PlayerData.cs
  artifactKey: Guid(9ff4306d8ffbbaf4c9d2e7fd2d1d1193) Importer(815301076,1909f56bfc062723c751e8b465ee728b)
Start importing Assets/Scripts/Game/Save&LoadSystem/PlayerData.cs using Guid(9ff4306d8ffbbaf4c9d2e7fd2d1d1193) Importer(815301076,1909f56bfc062723c751e8b465ee728b)  -> (artifact id: '30b27dedbcbcb7567dfdc88fdcb8fe59') in 0.011800 seconds 
========================================================================
Received Import Request.
  Time since last request: 39.641011 seconds.
  path: Assets/Scripts/Game/Save&LoadSystem/PlayerData.cs
  artifactKey: Guid(9ff4306d8ffbbaf4c9d2e7fd2d1d1193) Importer(815301076,1909f56bfc062723c751e8b465ee728b)
Start importing Assets/Scripts/Game/Save&LoadSystem/PlayerData.cs using Guid(9ff4306d8ffbbaf4c9d2e7fd2d1d1193) Importer(815301076,1909f56bfc062723c751e8b465ee728b)  -> (artifact id: '417cc3c0d449f3b1d2ed4334ef698191') in 0.008556 seconds 
========================================================================
Received Import Request.
  Time since last request: 4.368387 seconds.
  path: Assets/Scripts/Game/Save&LoadSystem/SaveSystem.cs
  artifactKey: Guid(e0c571112639ce44ab235d9ed97f72a6) Importer(815301076,1909f56bfc062723c751e8b465ee728b)
Start importing Assets/Scripts/Game/Save&LoadSystem/SaveSystem.cs using Guid(e0c571112639ce44ab235d9ed97f72a6) Importer(815301076,1909f56bfc062723c751e8b465ee728b)  -> (artifact id: '6d4c959e7ef1b50a2b9a22f2045e7ed0') in 0.106443 seconds 
========================================================================
Received Import Request.
  Time since last request: 17.211705 seconds.
  path: Assets/Scripts/Game/Save&LoadSystem/SaveSystem.cs
  artifactKey: Guid(e0c571112639ce44ab235d9ed97f72a6) Importer(815301076,1909f56bfc062723c751e8b465ee728b)
Start importing Assets/Scripts/Game/Save&LoadSystem/SaveSystem.cs using Guid(e0c571112639ce44ab235d9ed97f72a6) Importer(815301076,1909f56bfc062723c751e8b465ee728b)  -> (artifact id: '0a1143eaddef5060f3fc36198c8a0b7b') in 0.010126 seconds 
========================================================================
Received Import Request.
  Time since last request: 10.928997 seconds.
  path: Assets/Scripts/Game/Pool
  artifactKey: Guid(247a5d4ab0495c648a5068c9108e364b) Importer(815301076,1909f56bfc062723c751e8b465ee728b)
Start importing Assets/Scripts/Game/Pool using Guid(247a5d4ab0495c648a5068c9108e364b) Importer(815301076,1909f56bfc062723c751e8b465ee728b)  -> (artifact id: 'a14cb76cf67631b14d31e58683fce8a0') in 0.120231 seconds 
========================================================================
Received Import Request.
  Time since last request: 0.421333 seconds.
  path: Assets/Scripts/Game/Pool/ProjectilePool.cs
  artifactKey: Guid(ef6b5c62b36b86b44bdcff98408141eb) Importer(815301076,1909f56bfc062723c751e8b465ee728b)
Start importing Assets/Scripts/Game/Pool/ProjectilePool.cs using Guid(ef6b5c62b36b86b44bdcff98408141eb) Importer(815301076,1909f56bfc062723c751e8b465ee728b)  -> (artifact id: '81f2f238068678d0e8d0d9b3e19acdd7') in 0.043178 seconds 
========================================================================
Received Import Request.
  Time since last request: 16.194235 seconds.
  path: Assets/Scripts/Game/Pool/ProjectilePool.cs
  artifactKey: Guid(ef6b5c62b36b86b44bdcff98408141eb) Importer(815301076,1909f56bfc062723c751e8b465ee728b)
Start importing Assets/Scripts/Game/Pool/ProjectilePool.cs using Guid(ef6b5c62b36b86b44bdcff98408141eb) Importer(815301076,1909f56bfc062723c751e8b465ee728b)  -> (artifact id: 'd23398d5ab63150b945106d8a5ac057d') in 0.005403 seconds 
========================================================================
Received Import Request.
  Time since last request: 33.219583 seconds.
  path: Assets/Scripts/Entity/IMovement.cs
  artifactKey: Guid(7266733b95724f94d9f70a90d435d9fc) Importer(815301076,1909f56bfc062723c751e8b465ee728b)
Start importing Assets/Scripts/Entity/IMovement.cs using Guid(7266733b95724f94d9f70a90d435d9fc) Importer(815301076,1909f56bfc062723c751e8b465ee728b)  -> (artifact id: '27f2feb57e259704e81046ee3f4f6a30') in 0.020700 seconds 
========================================================================
Received Import Request.
  Time since last request: 116.631739 seconds.
  path: Assets/Scripts/Entity/IMovement.cs
  artifactKey: Guid(7266733b95724f94d9f70a90d435d9fc) Importer(815301076,1909f56bfc062723c751e8b465ee728b)
Start importing Assets/Scripts/Entity/IMovement.cs using Guid(7266733b95724f94d9f70a90d435d9fc) Importer(815301076,1909f56bfc062723c751e8b465ee728b)  -> (artifact id: '2b19a5f870267e274acffe2bb666022e') in 0.006379 seconds 
========================================================================
Received Import Request.
  Time since last request: 4.907495 seconds.
  path: Assets/Scripts/Entity/PhysicsMovement.cs
  artifactKey: Guid(52a977aa2002fc940b5b377457c26f2c) Importer(815301076,1909f56bfc062723c751e8b465ee728b)
Start importing Assets/Scripts/Entity/PhysicsMovement.cs using Guid(52a977aa2002fc940b5b377457c26f2c) Importer(815301076,1909f56bfc062723c751e8b465ee728b)  -> (artifact id: '4f86585bb4c495e97e09d279a0f2aa9b') in 0.042585 seconds 
========================================================================
Received Import Request.
  Time since last request: 13.384158 seconds.
  path: Assets/Scripts/Entity/PhysicsMovement.cs
  artifactKey: Guid(52a977aa2002fc940b5b377457c26f2c) Importer(815301076,1909f56bfc062723c751e8b465ee728b)
Start importing Assets/Scripts/Entity/PhysicsMovement.cs using Guid(52a977aa2002fc940b5b377457c26f2c) Importer(815301076,1909f56bfc062723c751e8b465ee728b)  -> (artifact id: '594f79519b9fb0101b85e43d9a84f69f') in 0.005847 seconds 
========================================================================
Received Import Request.
  Time since last request: 4.052227 seconds.
  path: Assets/Scripts/Entity/Shooting.cs
  artifactKey: Guid(4b2b9d7fbaf46454fbc4c630ef353d09) Importer(815301076,1909f56bfc062723c751e8b465ee728b)
Start importing Assets/Scripts/Entity/Shooting.cs using Guid(4b2b9d7fbaf46454fbc4c630ef353d09) Importer(815301076,1909f56bfc062723c751e8b465ee728b)  -> (artifact id: '191f5f76820205f5117962baee09cc6b') in 0.009843 seconds 
========================================================================
Received Import Request.
  Time since last request: 17.522873 seconds.
  path: Assets/Scripts/Entity/Shooting.cs
  artifactKey: Guid(4b2b9d7fbaf46454fbc4c630ef353d09) Importer(815301076,1909f56bfc062723c751e8b465ee728b)
Start importing Assets/Scripts/Entity/Shooting.cs using Guid(4b2b9d7fbaf46454fbc4c630ef353d09) Importer(815301076,1909f56bfc062723c751e8b465ee728b)  -> (artifact id: '0db84ad3fdac0b2888bcb3283f1570c1') in 0.008177 seconds 
========================================================================
Received Import Request.
  Time since last request: 9.365028 seconds.
  path: Assets/Scripts/Entity/Player/Flipping.cs
  artifactKey: Guid(b44bdb02e331fa64aa67e845dd431441) Importer(815301076,1909f56bfc062723c751e8b465ee728b)
Start importing Assets/Scripts/Entity/Player/Flipping.cs using Guid(b44bdb02e331fa64aa67e845dd431441) Importer(815301076,1909f56bfc062723c751e8b465ee728b)  -> (artifact id: 'f09ddb677fe90418d2d8a9320c38bbe4') in 0.006438 seconds 
========================================================================
Received Import Request.
  Time since last request: 22.589935 seconds.
  path: Assets/Scripts/Entity/Player/Player.cs
  artifactKey: Guid(b7e7f1b377361e44484bab97a493b57b) Importer(815301076,1909f56bfc062723c751e8b465ee728b)
Start importing Assets/Scripts/Entity/Player/Player.cs using Guid(b7e7f1b377361e44484bab97a493b57b) Importer(815301076,1909f56bfc062723c751e8b465ee728b)  -> (artifact id: 'b610e417a6afbeb5caec2e8a4e0b70ca') in 0.008785 seconds 
========================================================================
Received Import Request.
  Time since last request: 54.081740 seconds.
  path: Assets/Scripts/Entity/Player/Player.cs
  artifactKey: Guid(b7e7f1b377361e44484bab97a493b57b) Importer(815301076,1909f56bfc062723c751e8b465ee728b)
Start importing Assets/Scripts/Entity/Player/Player.cs using Guid(b7e7f1b377361e44484bab97a493b57b) Importer(815301076,1909f56bfc062723c751e8b465ee728b)  -> (artifact id: 'c42d0b55ef3eb3b38d157fcc7c358289') in 0.012112 seconds 
========================================================================
Received Import Request.
  Time since last request: 18.800922 seconds.
  path: Assets/Scripts/Entity/Player/PlayerShooting.cs
  artifactKey: Guid(aece77bf30b4f444c82eaa50124554fd) Importer(815301076,1909f56bfc062723c751e8b465ee728b)
Start importing Assets/Scripts/Entity/Player/PlayerShooting.cs using Guid(aece77bf30b4f444c82eaa50124554fd) Importer(815301076,1909f56bfc062723c751e8b465ee728b)  -> (artifact id: 'b35a239f7c1fb69b9e4b55ae32bd5737') in 0.037637 seconds 
========================================================================
Received Import Request.
  Time since last request: 15.212238 seconds.
  path: Assets/Scripts/Entity/Player/PlayerShooting.cs
  artifactKey: Guid(aece77bf30b4f444c82eaa50124554fd) Importer(815301076,1909f56bfc062723c751e8b465ee728b)
Start importing Assets/Scripts/Entity/Player/PlayerShooting.cs using Guid(aece77bf30b4f444c82eaa50124554fd) Importer(815301076,1909f56bfc062723c751e8b465ee728b)  -> (artifact id: '34b6661dff7072c54916762d91d26020') in 0.005965 seconds 
========================================================================
Received Import Request.
  Time since last request: 26.337302 seconds.
  path: Assets/Scripts/Entity/Player/Jumping.cs
  artifactKey: Guid(c6f227dd89f3d9549957a2eb07e8495c) Importer(815301076,1909f56bfc062723c751e8b465ee728b)
Start importing Assets/Scripts/Entity/Player/Jumping.cs using Guid(c6f227dd89f3d9549957a2eb07e8495c) Importer(815301076,1909f56bfc062723c751e8b465ee728b)  -> (artifact id: '2fa63bb5cf387ea492879fcdefdd4319') in 0.011218 seconds 
========================================================================
Received Import Request.
  Time since last request: 38.034787 seconds.
  path: Assets/Scripts/Entity/Player/Input.cs
  artifactKey: Guid(c7730c7965550fd44a39761607543ef8) Importer(815301076,1909f56bfc062723c751e8b465ee728b)
Start importing Assets/Scripts/Entity/Player/Input.cs using Guid(c7730c7965550fd44a39761607543ef8) Importer(815301076,1909f56bfc062723c751e8b465ee728b)  -> (artifact id: '5d79ca79773cb51314867d24846a6519') in 0.008730 seconds 
========================================================================
Received Import Request.
  Time since last request: 19.983469 seconds.
  path: Assets/Scripts/Entity/Player/GroundCheck.cs
  artifactKey: Guid(addc85d9fd9af4641a63a748faee7cea) Importer(815301076,1909f56bfc062723c751e8b465ee728b)
Start importing Assets/Scripts/Entity/Player/GroundCheck.cs using Guid(addc85d9fd9af4641a63a748faee7cea) Importer(815301076,1909f56bfc062723c751e8b465ee728b)  -> (artifact id: '79ae111aee7f1082ec07fc8cb6ea7365') in 0.037246 seconds 
========================================================================
Received Import Request.
  Time since last request: 21.581189 seconds.
  path: Assets/Scripts/Entity/Player/GroundCheck.cs
  artifactKey: Guid(addc85d9fd9af4641a63a748faee7cea) Importer(815301076,1909f56bfc062723c751e8b465ee728b)
Start importing Assets/Scripts/Entity/Player/GroundCheck.cs using Guid(addc85d9fd9af4641a63a748faee7cea) Importer(815301076,1909f56bfc062723c751e8b465ee728b)  -> (artifact id: '88d599b0e6e105c475c4a41d1921bdde') in 0.010017 seconds 
========================================================================
Received Import Request.
  Time since last request: 28.639645 seconds.
  path: Assets/Scripts/Entity/Player/Flipping.cs
  artifactKey: Guid(b44bdb02e331fa64aa67e845dd431441) Importer(815301076,1909f56bfc062723c751e8b465ee728b)
Start importing Assets/Scripts/Entity/Player/Flipping.cs using Guid(b44bdb02e331fa64aa67e845dd431441) Importer(815301076,1909f56bfc062723c751e8b465ee728b)  -> (artifact id: '5dffe8e8119a59f46c8d4e87ce980eca') in 0.008856 seconds 
========================================================================
Received Import Request.
  Time since last request: 89.316092 seconds.
  path: Assets/Scripts/Game/PlayerInput.cs
  artifactKey: Guid(c7730c7965550fd44a39761607543ef8) Importer(815301076,1909f56bfc062723c751e8b465ee728b)
Start importing Assets/Scripts/Game/PlayerInput.cs using Guid(c7730c7965550fd44a39761607543ef8) Importer(815301076,1909f56bfc062723c751e8b465ee728b)  -> (artifact id: '8dccbed4976e76e84d0138fcc8ef28f2') in 0.138035 seconds 
========================================================================
Received Prepare
Registering precompiled user dll's ...
Registered in 0.009060 seconds.
Begin MonoManager ReloadAssembly
Symbol file LoadedFromMemory doesn't match image D:\Projects\Unity\Bullethell\Library\PackageCache\com.unity.visualscripting@1.7.6\Editor\VisualScripting.Core\Dependencies\YamlDotNet\Unity.VisualScripting.YamlDotNet.dll
Symbol file LoadedFromMemory doesn't match image D:\Projects\Unity\Bullethell\Library\PackageCache\com.unity.visualscripting@1.7.6\Editor\VisualScripting.Core\Dependencies\DotNetZip\Unity.VisualScripting.IonicZip.dll
Native extension for WindowsStandalone target not found
Refreshing native plugins compatible for Editor in 1.62 ms, found 4 plugins.
Preloading 0 native plugins for Editor in 0.00 ms.
Mono: successfully reloaded assembly
- Completed reload, in  2.635 seconds
Domain Reload Profiling:
	ReloadAssembly (2637ms)
		BeginReloadAssembly (240ms)
			ExecutionOrderSort (0ms)
			DisableScriptedObjects (14ms)
			BackupInstance (0ms)
			ReleaseScriptingObjects (0ms)
			CreateAndSetChildDomain (65ms)
		EndReloadAssembly (2229ms)
			LoadAssemblies (160ms)
			RebuildTransferFunctionScriptingTraits (0ms)
			SetupTypeCache (564ms)
			ReleaseScriptCaches (3ms)
			RebuildScriptCaches (107ms)
			SetupLoadedEditorAssemblies (1224ms)
				LogAssemblyErrors (0ms)
				InitializePlatformSupportModulesInManaged (20ms)
				SetLoadedEditorAssemblies (1ms)
				RefreshPlugins (2ms)
				BeforeProcessingInitializeOnLoad (184ms)
				ProcessInitializeOnLoadAttributes (919ms)
				ProcessInitializeOnLoadMethodAttributes (79ms)
				AfterProcessingInitializeOnLoad (20ms)
				EditorAssembliesLoaded (0ms)
			ExecutionOrderSort2 (0ms)
			AwakeInstancesAfterBackupRestoration (28ms)
Platform modules already initialized, skipping
Refreshing native plugins compatible for Editor in 1.46 ms, found 4 plugins.
Preloading 0 native plugins for Editor in 0.00 ms.
Unloading 4249 Unused Serialized files (Serialized files now loaded: 0)
Unloading 33 unused Assets / (192.3 KB). Loaded Objects now: 4707.
Memory consumption went from 160.0 MB to 159.8 MB.
Total: 8.563700 ms (FindLiveObjects: 0.733000 ms CreateObjectMapping: 0.776100 ms MarkObjects: 6.818100 ms  DeleteObjects: 0.234500 ms)

AssetImportParameters requested are different than current active one (requested -> active):
  custom:video-decoder-ogg-theora: a1e56fd34408186e4bbccfd4996cb3dc -> 
  custom:container-muxer-webm: aa71ff27fc2769a1b78a27578f13a17b -> 
  custom:container-demuxer-webm: 4f35f7cbe854078d1ac9338744f61a02 -> 
  custom:video-encoder-webm-vp8: eb34c28f22e8b96e1ab97ce403110664 -> 
  custom:audio-encoder-webm-vorbis: bf7c407c2cedff20999df2af8eb42d56 -> 
  custom:framework-win-MediaFoundation: 216162199b28c13a410421893ffa2e32 -> 
  custom:container-demuxer-ogg: 62fdf1f143b41e24485cea50d1cbac27 -> 
  custom:video-decoder-webm-vp8: 9c59270c3fd7afecdb556c50c9e8de78 -> 
  custom:audio-decoder-ogg-vorbis: bf7c407c2cedff20999df2af8eb42d56 -> 
========================================================================
Received Prepare
Registering precompiled user dll's ...
Registered in 0.012573 seconds.
Begin MonoManager ReloadAssembly
Symbol file LoadedFromMemory doesn't match image D:\Projects\Unity\Bullethell\Library\PackageCache\com.unity.visualscripting@1.7.6\Editor\VisualScripting.Core\Dependencies\YamlDotNet\Unity.VisualScripting.YamlDotNet.dll
Symbol file LoadedFromMemory doesn't match image D:\Projects\Unity\Bullethell\Library\PackageCache\com.unity.visualscripting@1.7.6\Editor\VisualScripting.Core\Dependencies\DotNetZip\Unity.VisualScripting.IonicZip.dll
Native extension for WindowsStandalone target not found
Refreshing native plugins compatible for Editor in 1.01 ms, found 4 plugins.
Preloading 0 native plugins for Editor in 0.00 ms.
Mono: successfully reloaded assembly
- Completed reload, in  2.407 seconds
Domain Reload Profiling:
	ReloadAssembly (2408ms)
		BeginReloadAssembly (369ms)
			ExecutionOrderSort (0ms)
			DisableScriptedObjects (19ms)
			BackupInstance (0ms)
			ReleaseScriptingObjects (0ms)
			CreateAndSetChildDomain (101ms)
		EndReloadAssembly (1787ms)
			LoadAssemblies (240ms)
			RebuildTransferFunctionScriptingTraits (0ms)
			SetupTypeCache (524ms)
			ReleaseScriptCaches (2ms)
			RebuildScriptCaches (98ms)
			SetupLoadedEditorAssemblies (840ms)
				LogAssemblyErrors (0ms)
				InitializePlatformSupportModulesInManaged (20ms)
				SetLoadedEditorAssemblies (1ms)
				RefreshPlugins (1ms)
				BeforeProcessingInitializeOnLoad (117ms)
				ProcessInitializeOnLoadAttributes (620ms)
				ProcessInitializeOnLoadMethodAttributes (53ms)
				AfterProcessingInitializeOnLoad (28ms)
				EditorAssembliesLoaded (0ms)
			ExecutionOrderSort2 (0ms)
			AwakeInstancesAfterBackupRestoration (26ms)
Platform modules already initialized, skipping
Refreshing native plugins compatible for Editor in 2.51 ms, found 4 plugins.
Preloading 0 native plugins for Editor in 0.00 ms.
Unloading 4249 Unused Serialized files (Serialized files now loaded: 0)
Unloading 33 unused Assets / (192.3 KB). Loaded Objects now: 4709.
Memory consumption went from 160.0 MB to 159.8 MB.
Total: 8.663800 ms (FindLiveObjects: 0.579500 ms CreateObjectMapping: 0.548900 ms MarkObjects: 7.244100 ms  DeleteObjects: 0.289400 ms)

AssetImportParameters requested are different than current active one (requested -> active):
  custom:video-decoder-ogg-theora: a1e56fd34408186e4bbccfd4996cb3dc -> 
  custom:container-muxer-webm: aa71ff27fc2769a1b78a27578f13a17b -> 
  custom:container-demuxer-webm: 4f35f7cbe854078d1ac9338744f61a02 -> 
  custom:video-encoder-webm-vp8: eb34c28f22e8b96e1ab97ce403110664 -> 
  custom:audio-encoder-webm-vorbis: bf7c407c2cedff20999df2af8eb42d56 -> 
  custom:framework-win-MediaFoundation: 216162199b28c13a410421893ffa2e32 -> 
  custom:container-demuxer-ogg: 62fdf1f143b41e24485cea50d1cbac27 -> 
  custom:video-decoder-webm-vp8: 9c59270c3fd7afecdb556c50c9e8de78 -> 
  custom:audio-decoder-ogg-vorbis: bf7c407c2cedff20999df2af8eb42d56 -> 
